# JRE version: OpenJDK Runtime Environment (21.0.2+13) (build 21.0.2+13-58)
# Java VM: OpenJDK 64-Bit Server VM (21.0.2+13-58, mixed mode, sharing, tiered, compressed oops, compressed class ptrs, g1 gc, windows-amd64)
GC Precious Log:
 CardTable entry size: 512
 Card Set container configuration: InlinePtr #cards 4 size 8 Array Of Cards #cards 16 size 48 Howl #buckets 8 coarsen threshold 3686 Howl Bitmap #cards 512 size 80 coarsen threshold 460 Card regions per heap region 1 cards per card region 4096
 CPUs: 12 total, 12 available
 Memory: 16108M
 Large Page Support: Disabled
 NUMA Support: Disabled
 Compressed Oops: Enabled (Zero based)
 Heap Region Size: 2M
 Heap Min Capacity: 8M
 Heap Initial Capacity: 252M
 Heap Max Capacity: 4028M
 Pre-touch: Disabled
 Parallel Workers: 10
 Concurrent Workers: 3
 Concurrent Refinement Workers: 10
 Periodic GC: Disabled
Heap:
 garbage-first heap   total 344064K, used 39592K [0x0000000704400000, 0x0000000800000000)
  region size 2048K, 5 young (10240K), 1 survivors (2048K)
 Metaspace       used 79505K, committed 80320K, reserved 1179648K
  class space    used 10667K, committed 11072K, reserved 1048576K
GC Heap History (20 events):
Event: 940.782 GC heap before
{Heap before GC invocations=33 (full 0):
 garbage-first heap   total 301056K, used 295933K [0x0000000704400000, 0x0000000800000000)
  region size 2048K, 15 young (30720K), 3 survivors (6144K)
 Metaspace       used 78147K, committed 78912K, reserved 1179648K
  class space    used 10620K, committed 10944K, reserved 1048576K
}
Event: 940.788 GC heap after
{Heap after GC invocations=34 (full 0):
 garbage-first heap   total 305152K, used 33156K [0x0000000704400000, 0x0000000800000000)
  region size 2048K, 1 young (2048K), 1 survivors (2048K)
 Metaspace       used 78147K, committed 78912K, reserved 1179648K
  class space    used 10620K, committed 10944K, reserved 1048576K
}
Event: 976.137 GC heap before
{Heap before GC invocations=34 (full 0):
 garbage-first heap   total 305152K, used 37252K [0x0000000704400000, 0x0000000800000000)
  region size 2048K, 4 young (8192K), 1 survivors (2048K)
 Metaspace       used 78295K, committed 79040K, reserved 1179648K
  class space    used 10632K, committed 10944K, reserved 1048576K
}
Event: 976.140 GC heap after
{Heap after GC invocations=35 (full 0):
 garbage-first heap   total 305152K, used 33176K [0x0000000704400000, 0x0000000800000000)
  region size 2048K, 1 young (2048K), 1 survivors (2048K)
 Metaspace       used 78295K, committed 79040K, reserved 1179648K
  class space    used 10632K, committed 10944K, reserved 1048576K
}
Event: 1965.643 GC heap before
{Heap before GC invocations=36 (full 0):
 garbage-first heap   total 215040K, used 211352K [0x0000000704400000, 0x0000000800000000)
  region size 2048K, 18 young (36864K), 1 survivors (2048K)
 Metaspace       used 79186K, committed 80064K, reserved 1179648K
  class space    used 10650K, committed 11072K, reserved 1048576K
}
Event: 1965.674 GC heap after
{Heap after GC invocations=37 (full 0):
 garbage-first heap   total 221184K, used 60528K [0x0000000704400000, 0x0000000800000000)
  region size 2048K, 2 young (4096K), 2 survivors (4096K)
 Metaspace       used 79186K, committed 80064K, reserved 1179648K
  class space    used 10650K, committed 11072K, reserved 1048576K
}
Event: 1975.343 GC heap before
{Heap before GC invocations=37 (full 0):
 garbage-first heap   total 239616K, used 234608K [0x0000000704400000, 0x0000000800000000)
  region size 2048K, 11 young (22528K), 2 survivors (4096K)
 Metaspace       used 79186K, committed 80064K, reserved 1179648K
  class space    used 10650K, committed 11072K, reserved 1048576K
}
Event: 1975.362 GC heap after
{Heap after GC invocations=38 (full 0):
 garbage-first heap   total 243712K, used 73140K [0x0000000704400000, 0x0000000800000000)
  region size 2048K, 2 young (4096K), 2 survivors (4096K)
 Metaspace       used 79186K, committed 80064K, reserved 1179648K
  class space    used 10650K, committed 11072K, reserved 1048576K
}
Event: 1975.363 GC heap before
{Heap before GC invocations=38 (full 0):
 garbage-first heap   total 243712K, used 73140K [0x0000000704400000, 0x0000000800000000)
  region size 2048K, 3 young (6144K), 2 survivors (4096K)
 Metaspace       used 79186K, committed 80064K, reserved 1179648K
  class space    used 10650K, committed 11072K, reserved 1048576K
}
Event: 1975.371 GC heap after
{Heap after GC invocations=39 (full 0):
 garbage-first heap   total 243712K, used 73219K [0x0000000704400000, 0x0000000800000000)
  region size 2048K, 2 young (4096K), 2 survivors (4096K)
 Metaspace       used 79186K, committed 80064K, reserved 1179648K
  class space    used 10650K, committed 11072K, reserved 1048576K
}
Event: 1980.073 GC heap before
{Heap before GC invocations=40 (full 0):
 garbage-first heap   total 282624K, used 280067K [0x0000000704400000, 0x0000000800000000)
  region size 2048K, 12 young (24576K), 2 survivors (4096K)
 Metaspace       used 79188K, committed 80064K, reserved 1179648K
  class space    used 10650K, committed 11072K, reserved 1048576K
}
Event: 1980.077 GC heap after
{Heap after GC invocations=41 (full 0):
 garbage-first heap   total 286720K, used 81223K [0x0000000704400000, 0x0000000800000000)
  region size 2048K, 2 young (4096K), 2 survivors (4096K)
 Metaspace       used 79188K, committed 80064K, reserved 1179648K
  class space    used 10650K, committed 11072K, reserved 1048576K
}
Event: 2001.670 GC heap before
{Heap before GC invocations=41 (full 0):
 garbage-first heap   total 303104K, used 300359K [0x0000000704400000, 0x0000000800000000)
  region size 2048K, 16 young (32768K), 2 survivors (4096K)
 Metaspace       used 79217K, committed 80064K, reserved 1179648K
  class space    used 10650K, committed 11072K, reserved 1048576K
}
Event: 2001.675 GC heap after
{Heap after GC invocations=42 (full 0):
 garbage-first heap   total 311296K, used 69343K [0x0000000704400000, 0x0000000800000000)
  region size 2048K, 3 young (6144K), 3 survivors (6144K)
 Metaspace       used 79217K, committed 80064K, reserved 1179648K
  class space    used 10650K, committed 11072K, reserved 1048576K
}
Event: 2001.764 GC heap before
{Heap before GC invocations=42 (full 0):
 garbage-first heap   total 311296K, used 69343K [0x0000000704400000, 0x0000000800000000)
  region size 2048K, 4 young (8192K), 3 survivors (6144K)
 Metaspace       used 79217K, committed 80064K, reserved 1179648K
  class space    used 10650K, committed 11072K, reserved 1048576K
}
Event: 2001.766 GC heap after
{Heap after GC invocations=43 (full 0):
 garbage-first heap   total 311296K, used 68772K [0x0000000704400000, 0x0000000800000000)
  region size 2048K, 2 young (4096K), 2 survivors (4096K)
 Metaspace       used 79217K, committed 80064K, reserved 1179648K
  class space    used 10650K, committed 11072K, reserved 1048576K
}
Event: 2008.248 GC heap before
{Heap before GC invocations=44 (full 0):
 garbage-first heap   total 313344K, used 310436K [0x0000000704400000, 0x0000000800000000)
  region size 2048K, 13 young (26624K), 2 survivors (4096K)
 Metaspace       used 79248K, committed 80128K, reserved 1179648K
  class space    used 10656K, committed 11072K, reserved 1048576K
}
Event: 2008.252 GC heap after
{Heap after GC invocations=45 (full 0):
 garbage-first heap   total 321536K, used 90207K [0x0000000704400000, 0x0000000800000000)
  region size 2048K, 3 young (6144K), 3 survivors (6144K)
 Metaspace       used 79248K, committed 80128K, reserved 1179648K
  class space    used 10656K, committed 11072K, reserved 1048576K
}
Event: 2256.594 GC heap before
{Heap before GC invocations=45 (full 0):
 garbage-first heap   total 342016K, used 335967K [0x0000000704400000, 0x0000000800000000)
  region size 2048K, 18 young (36864K), 3 survivors (6144K)
 Metaspace       used 79432K, committed 80256K, reserved 1179648K
  class space    used 10667K, committed 11072K, reserved 1048576K
}
Event: 2256.893 GC heap after
{Heap after GC invocations=46 (full 0):
 garbage-first heap   total 344064K, used 33448K [0x0000000704400000, 0x0000000800000000)
  region size 2048K, 1 young (2048K), 1 survivors (2048K)
 Metaspace       used 79432K, committed 80256K, reserved 1179648K
  class space    used 10667K, committed 11072K, reserved 1048576K
}

