# JRE version: OpenJDK Runtime Environment (21.0.2+13) (build 21.0.2+13-58)
# Java VM: OpenJDK 64-Bit Server VM (21.0.2+13-58, mixed mode, sharing, tiered, compressed oops, compressed class ptrs, g1 gc, windows-amd64)
GC Precious Log:
 CardTable entry size: 512
 Card Set container configuration: InlinePtr #cards 4 size 8 Array Of Cards #cards 16 size 48 Howl #buckets 8 coarsen threshold 3686 Howl Bitmap #cards 512 size 80 coarsen threshold 460 Card regions per heap region 1 cards per card region 4096
 CPUs: 12 total, 12 available
 Memory: 16108M
 Large Page Support: Disabled
 NUMA Support: Disabled
 Compressed Oops: Enabled (Zero based)
 Heap Region Size: 2M
 Heap Min Capacity: 8M
 Heap Initial Capacity: 252M
 Heap Max Capacity: 4028M
 Pre-touch: Disabled
 Parallel Workers: 10
 Concurrent Workers: 3
 Concurrent Refinement Workers: 10
 Periodic GC: Disabled
Heap:
 garbage-first heap   total 210944K, used 69128K [0x0000000704400000, 0x0000000800000000)
  region size 2048K, 3 young (6144K), 1 survivors (2048K)
 Metaspace       used 77287K, committed 78144K, reserved 1179648K
  class space    used 10566K, committed 10944K, reserved 1048576K
GC Heap History (20 events):
Event: 1766.441 GC heap before
{Heap before GC invocations=31 (full 0):
 garbage-first heap   total 229376K, used 224245K [0x0000000704400000, 0x0000000800000000)
  region size 2048K, 15 young (30720K), 1 survivors (2048K)
 Metaspace       used 76434K, committed 77184K, reserved 1179648K
  class space    used 10526K, committed 10880K, reserved 1048576K
}
Event: 1766.472 GC heap after
{Heap after GC invocations=32 (full 0):
 garbage-first heap   total 231424K, used 34508K [0x0000000704400000, 0x0000000800000000)
  region size 2048K, 1 young (2048K), 1 survivors (2048K)
 Metaspace       used 76434K, committed 77184K, reserved 1179648K
  class space    used 10526K, committed 10880K, reserved 1048576K
}
Event: 1766.510 GC heap before
{Heap before GC invocations=32 (full 0):
 garbage-first heap   total 231424K, used 34508K [0x0000000704400000, 0x0000000800000000)
  region size 2048K, 3 young (6144K), 1 survivors (2048K)
 Metaspace       used 76436K, committed 77184K, reserved 1179648K
  class space    used 10526K, committed 10880K, reserved 1048576K
}
Event: 1766.518 GC heap after
{Heap after GC invocations=33 (full 0):
 garbage-first heap   total 231424K, used 35144K [0x0000000704400000, 0x0000000800000000)
  region size 2048K, 2 young (4096K), 2 survivors (4096K)
 Metaspace       used 76436K, committed 77184K, reserved 1179648K
  class space    used 10526K, committed 10880K, reserved 1048576K
}
Event: 1793.917 GC heap before
{Heap before GC invocations=34 (full 0):
 garbage-first heap   total 225280K, used 221512K [0x0000000704400000, 0x0000000800000000)
  region size 2048K, 10 young (20480K), 2 survivors (4096K)
 Metaspace       used 76532K, committed 77248K, reserved 1179648K
  class space    used 10539K, committed 10880K, reserved 1048576K
}
Event: 1793.924 GC heap after
{Heap after GC invocations=35 (full 0):
 garbage-first heap   total 227328K, used 42211K [0x0000000704400000, 0x0000000800000000)
  region size 2048K, 1 young (2048K), 1 survivors (2048K)
 Metaspace       used 76532K, committed 77248K, reserved 1179648K
  class space    used 10539K, committed 10880K, reserved 1048576K
}
Event: 2348.467 GC heap before
{Heap before GC invocations=35 (full 0):
 garbage-first heap   total 258048K, used 255203K [0x0000000704400000, 0x0000000800000000)
  region size 2048K, 8 young (16384K), 1 survivors (2048K)
 Metaspace       used 76970K, committed 77760K, reserved 1179648K
  class space    used 10565K, committed 10944K, reserved 1048576K
}
Event: 2348.595 GC heap after
{Heap after GC invocations=36 (full 0):
 garbage-first heap   total 262144K, used 38279K [0x0000000704400000, 0x0000000800000000)
  region size 2048K, 1 young (2048K), 1 survivors (2048K)
 Metaspace       used 76970K, committed 77760K, reserved 1179648K
  class space    used 10565K, committed 10944K, reserved 1048576K
}
Event: 2348.604 GC heap before
{Heap before GC invocations=36 (full 0):
 garbage-first heap   total 262144K, used 38279K [0x0000000704400000, 0x0000000800000000)
  region size 2048K, 2 young (4096K), 1 survivors (2048K)
 Metaspace       used 76970K, committed 77760K, reserved 1179648K
  class space    used 10565K, committed 10944K, reserved 1048576K
}
Event: 2348.631 GC heap after
{Heap after GC invocations=37 (full 0):
 garbage-first heap   total 262144K, used 38342K [0x0000000704400000, 0x0000000800000000)
  region size 2048K, 1 young (2048K), 1 survivors (2048K)
 Metaspace       used 76970K, committed 77760K, reserved 1179648K
  class space    used 10565K, committed 10944K, reserved 1048576K
}
Event: 2544.229 GC heap before
{Heap before GC invocations=38 (full 0):
 garbage-first heap   total 163840K, used 163270K [0x0000000704400000, 0x0000000800000000)
  region size 2048K, 6 young (12288K), 1 survivors (2048K)
 Metaspace       used 77153K, committed 77952K, reserved 1179648K
  class space    used 10565K, committed 10944K, reserved 1048576K
}
Event: 2544.287 GC heap after
{Heap after GC invocations=39 (full 0):
 garbage-first heap   total 167936K, used 38412K [0x0000000704400000, 0x0000000800000000)
  region size 2048K, 1 young (2048K), 1 survivors (2048K)
 Metaspace       used 77153K, committed 77952K, reserved 1179648K
  class space    used 10565K, committed 10944K, reserved 1048576K
}
Event: 2852.539 GC heap before
{Heap before GC invocations=39 (full 0):
 garbage-first heap   total 194560K, used 189964K [0x0000000704400000, 0x0000000800000000)
  region size 2048K, 8 young (16384K), 1 survivors (2048K)
 Metaspace       used 77260K, committed 78080K, reserved 1179648K
  class space    used 10565K, committed 10944K, reserved 1048576K
}
Event: 2852.614 GC heap after
{Heap after GC invocations=40 (full 0):
 garbage-first heap   total 198656K, used 81459K [0x0000000704400000, 0x0000000800000000)
  region size 2048K, 2 young (4096K), 2 survivors (4096K)
 Metaspace       used 77260K, committed 78080K, reserved 1179648K
  class space    used 10565K, committed 10944K, reserved 1048576K
}
Event: 2852.621 GC heap before
{Heap before GC invocations=40 (full 0):
 garbage-first heap   total 198656K, used 81459K [0x0000000704400000, 0x0000000800000000)
  region size 2048K, 3 young (6144K), 2 survivors (4096K)
 Metaspace       used 77262K, committed 78080K, reserved 1179648K
  class space    used 10565K, committed 10944K, reserved 1048576K
}
Event: 2852.647 GC heap after
{Heap after GC invocations=41 (full 0):
 garbage-first heap   total 198656K, used 82129K [0x0000000704400000, 0x0000000800000000)
  region size 2048K, 3 young (6144K), 3 survivors (6144K)
 Metaspace       used 77262K, committed 78080K, reserved 1179648K
  class space    used 10565K, committed 10944K, reserved 1048576K
}
Event: 2991.470 GC heap before
{Heap before GC invocations=42 (full 0):
 garbage-first heap   total 200704K, used 196817K [0x0000000704400000, 0x0000000800000000)
  region size 2048K, 11 young (22528K), 3 survivors (6144K)
 Metaspace       used 77279K, committed 78080K, reserved 1179648K
  class space    used 10566K, committed 10944K, reserved 1048576K
}
Event: 2991.486 GC heap after
{Heap after GC invocations=43 (full 0):
 garbage-first heap   total 204800K, used 59034K [0x0000000704400000, 0x0000000800000000)
  region size 2048K, 2 young (4096K), 2 survivors (4096K)
 Metaspace       used 77279K, committed 78080K, reserved 1179648K
  class space    used 10566K, committed 10944K, reserved 1048576K
}
Event: 2994.568 GC heap before
{Heap before GC invocations=43 (full 0):
 garbage-first heap   total 208896K, used 202394K [0x0000000704400000, 0x0000000800000000)
  region size 2048K, 8 young (16384K), 2 survivors (4096K)
 Metaspace       used 77287K, committed 78144K, reserved 1179648K
  class space    used 10566K, committed 10944K, reserved 1048576K
}
Event: 2995.599 GC heap after
{Heap after GC invocations=44 (full 0):
 garbage-first heap   total 210944K, used 69128K [0x0000000704400000, 0x0000000800000000)
  region size 2048K, 1 young (2048K), 1 survivors (2048K)
 Metaspace       used 77287K, committed 78144K, reserved 1179648K
  class space    used 10566K, committed 10944K, reserved 1048576K
}

